make all --print-data-base --no-builtin-variables --no-builtin-rules --question
# GNU Make 4.3
# Built for x86_64-pc-linux-gnu
# Copyright (C) 1988-2020 Free Software Foundation, Inc.
# License GPLv3+: GNU GPL version 3 or later <http://gnu.org/licenses/gpl.html>
# This is free software: you are free to change and redistribute it.
# There is NO WARRANTY, to the extent permitted by law.

# Make data base, printed on Fri Aug 26 09:13:05 2022

# Variables

# environment
GDK_BACKEND = x11
# environment
LC_ALL = C
# environment
GNOME_SHELL_SESSION_MODE = ubuntu
# environment
SSH_AGENT_LAUNCHER = gnome-keyring
# environment
GJS_DEBUG_OUTPUT = stderr
# environment
MANDATORY_PATH = /usr/share/gconf/ubuntu.mandatory.path
# environment
VSCODE_CWD = /home/gcsi
# environment
WINDOWPATH = 2
# default
MAKE_COMMAND := make
# environment
GTK3_MODULES = xapp-gtk3-module
# environment
QT_ACCESSIBILITY = 1
# automatic
@D = $(patsubst %/,%,$(dir $@))
# environment
VSCODE_HANDLES_UNCAUGHT_ERRORS = true
# default
.VARIABLES := 
# environment
PWD = /home/gcsi/repos/beecell
# automatic
%D = $(patsubst %/,%,$(dir $%))
# environment
XDG_DATA_DIRS = /usr/share/ubuntu:/usr/share/gnome:/home/gcsi/.local/share/flatpak/exports/share:/var/lib/flatpak/exports/share:/usr/local/share/:/usr/share/:/var/lib/snapd/desktop
# automatic
^D = $(patsubst %/,%,$(dir $^))
# automatic
%F = $(notdir $%)
# environment
VSCODE_CODE_CACHE_PATH = /home/gcsi/.config/Code/CachedData/e4503b30fc78200f846c62cf8091b76ff5547662
# environment
LANG = C
# environment
XAUTHORITY = /run/user/1003/gdm/Xauthority
# default
.LOADED := 
# default
.INCLUDE_DIRS = /usr/local/include /usr/include /usr/include
# makefile
MAKEFLAGS = pqrR
# environment
KUBECONFIG = /home/gcsi/repos/beehive-mgmt/configs/k8s/test/test-mgmt:/home/gcsi/repos/beehive-mgmt/configs/k8s/test/test-mgmt:/home/gcsi/repos/beehive-mgmt/configs/k8s/test/testk8s01:/home/gcsi/repos/beehive-mgmt/configs/k8s/rancher/test:/home/gcsi/repos/beehive-mgmt/configs/k8s/rancher/prod2:/home/gcsi/repos/beehive-mgmt/configs/k8s/rancher/prod:/home/gcsi/repos/beehive-mgmt/configs/k8s/prod/k8s-util03:/home/gcsi/repos/beehive-mgmt/configs/k8s/prod/k8s-util02:/home/gcsi/repos/beehive-mgmt/configs/k8s/prod/k8s-enti-prod01:/home/gcsi/repos/beehive-mgmt/configs/k8s/prod/k8s-csi-svil01:/home/gcsi/repos/beehive-mgmt/configs/k8s/dev/k8s-csi-dev02:/home/gcsi/repos/beehive-mgmt/configs/k8s/dev/k8s-csi-dev01:/home/gcsi/repos/beehive-mgmt/configs/k8s/test-rancher:/home/gcsi/repos/beehive-mgmt/configs/k8s/podvc1util:/home/gcsi/repos/beehive-mgmt/configs/k8s/podvc1-rancher:/home/gcsi/repos/beehive-mgmt/configs/k8s/podvc1:/home/gcsi/repos/beehive-mgmt/configs/k8s/podto2util-rancher:/home/gcsi/repos/beehive-mgmt/configs/k8s/podto2util:/home/gcsi/repos/beehive-mgmt/configs/k8s/podto2-rancher:/home/gcsi/repos/beehive-mgmt/configs/k8s/podto2:/home/gcsi/repos/beehive-mgmt/configs/k8s/podto1-rancher:/home/gcsi/repos/beehive-mgmt/configs/k8s/podto1:/home/gcsi/repos/beehive-mgmt/configs/k8s/dev07-rancher:/home/gcsi/repos/beehive-mgmt/configs/k8s/dev06-rancher:/home/gcsi/repos/beehive-mgmt/configs/k8s/dev05-rancher:/home/gcsi/repos/beehive-mgmt/configs/k8s/dev03-rancher:/home/gcsi/repos/beehive-mgmt/configs/k8s/dev02:/home/gcsi/repos/beehive-mgmt/configs/k8s/dev01-podvc1-rancher:/home/gcsi/repos/beehive-mgmt/configs/k8s/dev01:/home/gcsi/repos/beehive-mgmt/configs/k8s/console-rancher
# makefile
CURDIR := /home/gcsi/repos/beecell
# environment
APPLICATION_INSIGHTS_NO_DIAGNOSTIC_CHANNEL = true
# environment
LESSOPEN = | /usr/bin/lesspipe %s
# automatic
*D = $(patsubst %/,%,$(dir $*))
# environment
MFLAGS = -pqrR
# environment
SSH_AUTH_SOCK = /run/user/1003/keyring/ssh
# default
.SHELLFLAGS := -c
# environment
XDG_CONFIG_DIRS = /etc/xdg/xdg-ubuntu:/etc/xdg
# automatic
+D = $(patsubst %/,%,$(dir $+))
# environment
XDG_SESSION_DESKTOP = ubuntu
# makefile
MAKEFILE_LIST := 
# automatic
@F = $(notdir $@)
# environment
VSCODE_PID = 8202
# environment
XDG_SESSION_TYPE = x11
# automatic
?D = $(patsubst %/,%,$(dir $?))
# environment
SESSION_MANAGER = local/eco:@/tmp/.ICE-unix/3789,unix/eco:/tmp/.ICE-unix/3789
# automatic
*F = $(notdir $*)
# environment
CHROME_DESKTOP = code-url-handler.desktop
# environment
DBUS_SESSION_BUS_ADDRESS = unix:path=/run/user/1003/bus
# automatic
<D = $(patsubst %/,%,$(dir $<))
# environment
VSCODE_NLS_CONFIG = {"locale":"en-us","availableLanguages":{},"_languagePackSupport":true}
# default
MAKE_HOST := x86_64-pc-linux-gnu
# environment
GNOME_DESKTOP_SESSION_ID = this-is-deprecated
# makefile
SHELL = /bin/sh
# default
MAKECMDGOALS := all
# environment
XMODIFIERS = @im=ibus
# environment
GJS_DEBUG_TOPICS = JS ERROR;JS LOG
# environment
SHLVL = 0
# environment
MAKELEVEL := 0
# default
MAKE = $(MAKE_COMMAND)
# environment
PATH = /home/gcsi/.local/bin:/home/gcsi/bin:/home/gcsi/.cargo/bin:/home/gcsi/.local/bin:/home/gcsi/bin:/usr/local/sbin:/usr/local/bin:/usr/sbin:/usr/bin:/sbin:/bin:/usr/games:/usr/local/games:/snap/bin:/snap/bin:/home/gcsi/bin:/home/gcsi/go/bin:/opt/oracle/instantclient_21_5:/usr/local/go/bin
# default
MAKEFILES := 
# environment
LANGUAGE = en_US
# automatic
^F = $(notdir $^)
# environment
INVOCATION_ID = 822ef5f4c61f4536bbc80d3227aae1e5
# environment
USERNAME = gcsi
# environment
LESSCLOSE = /usr/bin/lesspipe %s %s
# automatic
?F = $(notdir $?)
# environment
XDG_CURRENT_DESKTOP = Unity
# environment
LS_COLORS = 
# automatic
+F = $(notdir $+)
# environment
DESKTOP_SESSION = ubuntu
# environment
ORIGINAL_XDG_CURRENT_DESKTOP = ubuntu:GNOME
# 'override' directive
GNUMAKEFLAGS := 
# environment
BEEHIVE_LOG = /home/gcsi/beehive.log
# environment
LOGNAME = gcsi
# environment
GIO_LAUNCHED_DESKTOP_FILE = /usr/share/applications/code.desktop
# makefile
.DEFAULT_GOAL := 
# environment
SYSTEMD_EXEC_PID = 3813
# environment
DISPLAY = :1
# environment
USER = gcsi
# environment
GTK_MODULES = gail:atk-bridge
# environment
DEFAULTS_PATH = /usr/share/gconf/ubuntu.default.path
# default
MAKE_VERSION := 4.3
# environment
MANAGERPID = 3114
# environment
DESKTOP_MODE = 1
# environment
GIO_LAUNCHED_DESKTOP_FILE_PID = 8202
# environment
PYTHONPATH = /home/gcsi/repos/beecell:/home/gcsi/repos/beedrones:/home/gcsi/repos/beehive:/home/gcsi/repos/beehive-tests:/home/gcsi/repos/beehive-oauth2:/home/gcsi/repos/beehive-resource:/home/gcsi/repos/beehive-service:/home/gcsi/repos/beehive-service-netaas:/home/gcsi/repos/beehive-ssh:/home/gcsi/repos/beehive3-cli:/home/gcsi/repos/beehive3-shell
# environment
_ = /usr/share/code/code
# environment
XDG_RUNTIME_DIR = /run/user/1003
# environment
GPG_AGENT_INFO = /run/user/1003/gnupg/S.gpg-agent:0:1
# environment
JOURNAL_STREAM = 8:55707
# environment
XDG_SESSION_CLASS = user
# environment
VSCODE_AMD_ENTRYPOINT = vs/workbench/api/node/extensionHostProcess
# environment
HOME = /home/gcsi
# environment
QT_IM_MODULE = ibus
# environment
ELECTRON_RUN_AS_NODE = 1
# environment
VSCODE_IPC_HOOK = /run/user/1003/vscode-d4a309b1-1.70.2-main.sock
# environment
IM_CONFIG_PHASE = 1
# default
.RECIPEPREFIX := 
# automatic
<F = $(notdir $<)
# default
SUFFIXES := 
# environment
MYSQL_PS1 = (\u@\h)[\d]>
# default
.FEATURES := target-specific order-only second-expansion else-if shortest-stem undefine oneshell nocomment grouped-target extra-prereqs archives jobserver output-sync check-symlink load
# environment
XDG_MENU_PREFIX = gnome-
# environment
BENV = /home/gcsi/venvs/p39env
# environment
GDMSESSION = ubuntu
# variable set hash-table stats:
# Load=103/1024=10%, Rehash=0, Collisions=3/130=2%

# Pattern-specific Variable Values

# No pattern-specific variable values.

# Directories

# . (device 66307, inode 29364827): 12 files, no impossibilities.

# 12 files, no impossibilities in 1 directories.

# Implicit Rules

# No implicit rules.

# Files

# Not a target:
Makefile:
#  Implicit rule search has been done.
#  File does not exist.
#  File has been updated.
#  Failed to be updated.

# Not a target:
.DEFAULT:
#  Implicit rule search has not been done.
#  Modification time never checked.
#  File has not been updated.

# Not a target:
all:
#  Command line target.
#  Implicit rule search has been done.
#  File does not exist.
#  File has not been updated.

# Not a target:
makefile:
#  Implicit rule search has been done.
#  File does not exist.
#  File has been updated.
#  Failed to be updated.

# Not a target:
GNUmakefile:
#  Implicit rule search has been done.
#  File does not exist.
#  File has been updated.
#  Failed to be updated.

# files hash-table stats:
# Load=6/1024=1%, Rehash=0, Collisions=0/15=0%
# VPATH Search Paths

# No 'vpath' search paths.

# No general ('VPATH' variable) search path.

# strcache buffers: 1 (0) / strings = 20 / storage = 189 B / avg = 9 B
# current buf: size = 8162 B / used = 189 B / count = 20 / avg = 9 B

# strcache performance: lookups = 23 / hit rate = 13%
# hash-table stats:
# Load=20/8192=0%, Rehash=0, Collisions=0/23=0%
# Finished Make data base on Fri Aug 26 09:13:06 2022

 
make: *** No rule to make target 'all'.  Stop.

