*** Starting uWSGI 2.0.11.1 (64bit) on [Fri May 27 09:48:42 2016] ***
compiled with version: 5.1.1 20150618 (Red Hat 5.1.1-4) on 24 July 2015 11:43:17
os: Linux-4.4.9-200.fc22.x86_64+debug #1 SMP Fri May 6 17:29:08 UTC 2016
nodename: fedora22-admin
machine: x86_64
clock source: unix
pcre jit disabled
detected number of CPU cores: 8
current working directory: /home/io/workspace/git/BeeCell/examples/uwsgi
writing pidfile to run/server.pid
detected binary path: /usr/bin/uwsgi
your processes number limit is 4096
your memory page size is 4096 bytes
detected max file descriptor number: 1024
- async cores set to 50 - fd table size: 1024
lock engine: pthread robust mutexes
thunder lock: disabled (you can enable it with --thunder-lock)
uwsgi socket 0 bound to TCP address :3032 fd 3
uwsgi socket 1 bound to TCP address :6062 fd 4
Python version: 2.7.10 (default, Sep 24 2015, 17:50:09)  [GCC 5.1.1 20150618 (Red Hat 5.1.1-4)]
Python main interpreter initialized at 0x10015e0
python threads support enabled
your server socket listen backlog is limited to 100 connections
your mercy for graceful operations on workers is 60 seconds
mapped 2345728 bytes (2290 KB) for 50 cores
*** Operational MODE: async ***
WSGI app 0 (mountpoint='') ready in 0 seconds on interpreter 0x10015e0 pid: 23801 (default app)
*** uWSGI is running in multiple interpreter mode ***
spawned uWSGI master process (pid: 23801)
spawned uWSGI worker 1 (pid: 23804, cores: 50)
mapping worker 1 to CPUs: 0
*** running gevent loop engine [addr:0x48dbf0] ***
...gracefully killing workers...
Gracefully killing worker 1 (pid: 23804)...
Fri May 27 09:48:56 2016 - stopping gevent signals watchers for worker 1 (pid: 23804)...
Fri May 27 09:48:56 2016 - stopping gevent sockets watchers for worker 1 (pid: 23804)...
Fri May 27 09:48:56 2016 - main gevent watchers stopped for worker 1 (pid: 23804)...
goodbye to the gevent Hub on worker 1 (pid: 23804)
worker 1 buried after 1 seconds
binary reloading uWSGI...
chdir() to /home/io/workspace/git/BeeCell/examples/uwsgi
closing all non-uwsgi socket fds > 2 (max_fd = 1024)...
found fd 3 mapped to socket 0 (:3032)
found fd 4 mapped to socket 1 (:6062)
running /usr/bin/uwsgi
[uWSGI] getting INI configuration from etc/server.ini
*** Starting uWSGI 2.0.11.1 (64bit) on [Fri May 27 09:48:57 2016] ***
compiled with version: 5.1.1 20150618 (Red Hat 5.1.1-4) on 24 July 2015 11:43:17
os: Linux-4.4.9-200.fc22.x86_64+debug #1 SMP Fri May 6 17:29:08 UTC 2016
nodename: fedora22-admin
machine: x86_64
clock source: unix
pcre jit disabled
detected number of CPU cores: 8
current working directory: /home/io/workspace/git/BeeCell/examples/uwsgi
detected binary path: /usr/bin/uwsgi
your processes number limit is 4096
your memory page size is 4096 bytes
detected max file descriptor number: 1024
- async cores set to 50 - fd table size: 1024
lock engine: pthread robust mutexes
thunder lock: disabled (you can enable it with --thunder-lock)
uwsgi socket 0 inherited INET address :3032 fd 3
uwsgi socket 1 inherited INET address :6062 fd 4
Python version: 2.7.10 (default, Sep 24 2015, 17:50:09)  [GCC 5.1.1 20150618 (Red Hat 5.1.1-4)]
Python main interpreter initialized at 0xb463f0
python threads support enabled
your server socket listen backlog is limited to 100 connections
your mercy for graceful operations on workers is 60 seconds
mapped 2345728 bytes (2290 KB) for 50 cores
*** Operational MODE: async ***
WSGI app 0 (mountpoint='') ready in 0 seconds on interpreter 0xb463f0 pid: 23801 (default app)
*** uWSGI is running in multiple interpreter mode ***
gracefully (RE)spawned uWSGI master process (pid: 23801)
spawned uWSGI worker 1 (pid: 23811, cores: 50)
mapping worker 1 to CPUs: 0
*** running gevent loop engine [addr:0x48dbf0] ***
[pid: 23811|app: 0|req: 1/1] 127.0.0.1 () {32 vars in 583 bytes} [Fri May 27 09:49:25 2016] GET / => generated 5 bytes in 20 msecs (HTTP/1.1 200) 2 headers in 78 bytes (3 switches on core 49)
[pid: 23811|app: 0|req: 2/2] 127.0.0.1 () {32 vars in 537 bytes} [Fri May 27 09:49:25 2016] GET /favicon.ico => generated 233 bytes in 136 msecs (HTTP/1.1 404) 2 headers in 72 bytes (3 switches on core 49)
